<?xml version="1.0" encoding="UTF-8"?>
<!-- Generated by org.testng.reporters.JUnitReportReporter -->
<testsuite skipped="0" hostname="Yassers-iMac.fios-router.home" name="BaseTest" tests="1" failures="0" timestamp="2023-01-06T19:15:59 EST" time="0.004" errors="0">
  <testcase name="f" time="0.004" classname="BaseTest"/>
  <system-out/>
</testsuite> <!-- BaseTest -->
