<?xml version="1.0" encoding="UTF-8"?>
<!-- Generated by org.testng.reporters.JUnitReportReporter -->
<testsuite skipped="0" hostname="Yassers-iMac.fios-router.home" name="pagesTest.SignupPageTest" tests="1" failures="0" timestamp="2023-01-11T20:40:36 EST" time="4.047" errors="0">
  <testcase name="signupPage" time="4.047" classname="pagesTest.SignupPageTest"/>
  <system-out>
    <![CDATA[Verify the signup page]]>
  </system-out>
</testsuite> <!-- pagesTest.SignupPageTest -->
